> [pepper]: uid DWABD4
> [pepper] current_time: pause, time diff is too high
[pepper] current_time: resume
[current_time] shell:
	Date: 2022-04-26 17:33:23
	Epoch: 73157603
> [pepper] shell: start proximity tracing
	epoch_duration: 30[s]
	epoch_iterations: 1
	adv_per_slice: 10
	adv_itvl: 1000[ms]
	scan_itvl: 1024[ms]
	scan_win: 1024[ms]
[pepper]: align first epoch end in 7s
[pepper]: new uwb_epoch t=73157603
[pepper]: new ebid generation
[pepper]: local ebid: 
	0xed 0xc7 0x30 0xc7 0x96 0x57 0xfc 0xaa
	0x14 0x09 0xd2 0x9b 0x20 0x2f 0x13 0xdc
	0xc9 0x96 0xd3 0x9c 0x77 0x9b 0xf2 0xd5
	0x4b 0x42 0xa9 0x88 0x7f 0x2c 0xa5 0x4f 
[pepper]: end of uwb_epoch
[pepper]: process all uwb_epoch data
{"tag":"pepper","epoch":73157603,"pets":[]}
> 