Connect to serial port /dev/riot/tty-dwm1001_4
Welcome to pyterm!
Type '/exit' to exit.
> [pepper]: uid DWAFDE
> [pepper] current_time: pause, time diff is too high
[pepper] current_time: resume
[current_time] shell:
	Date: 2022-04-28 18:07:08
	Epoch: 73332428
> [pepper] shell: start proximity tracing
	epoch_duration: 30[s]
	epoch_iterations: 1
	adv_per_slice: 1
	adv_itvl: 1000[ms]
	scan_itvl: 1024[ms]
	scan_win: 1024[ms]
[pepper]: align first epoch end in 22s
[pepper]: new uwb_epoch t=73332428
[pepper]: new ebid generation
[pepper]: local ebid: 
	0x8a 0xdf 0xb0 0x61 0x71 0x0e 0xd6 0xfe
	0x14 0x9d 0x5f 0xa0 0x5c 0x49 0x1b 0xc2
	0x7f 0x1b 0xcc 0x82 0xac 0xe9 0x64 0xb4
	0x1c 0x1d 0xfc 0x5c 0x22 0x16 0xc3 0x06 
[{"bn":"DWAFDE:ble:22511c8f","bt":8233,"n":"rssi","v":-68,"u":"dBm"}]
[{"bn":"DWAFDE:ble:22511c8f","bt":9231,"n":"rssi","v":-68,"u":"dBm"}]
[{"bn":"DWAFDE:ble:22511c8f","bt":10230,"n":"rssi","v":-65,"u":"dBm"}]
[{"bn":"DWAFDE:ble:22511c8f","bt":11231,"n":"rssi","v":-70,"u":"dBm"}]
[{"bn":"DWAFDE:uwb:22511c8f","bt":11733,"n":"d_cm","v":107,"u":"cm"},{"n":"los","v":100,"u":"%"},{"n":"rssi","v":-80.5471039,"u":"dBm"}]
[{"bn":"DWAFDE:ble:22511c8f","bt":12230,"n":"rssi","v":-62,"u":"dBm"}]
[{"bn":"DWAFDE:uwb:22511c8f","bt":12728,"n":"d_cm","v":115,"u":"cm"},{"n":"los","v":100,"u":"%"},{"n":"rssi","v":-80.8575745,"u":"dBm"}]
[{"bn":"DWAFDE:ble:22511c8f","bt":13232,"n":"rssi","v":-76,"u":"dBm"}]
[{"bn":"DWAFDE:uwb:22511c8f","bt":13730,"n":"d_cm","v":118,"u":"cm"},{"n":"los","v":100,"u":"%"},{"n":"rssi","v":-79.9793701,"u":"dBm"}]
[{"bn":"DWAFDE:ble:22511c8f","bt":14233,"n":"rssi","v":-70,"u":"dBm"}]
[{"bn":"DWAFDE:uwb:22511c8f","bt":14735,"n":"d_cm","v":111,"u":"cm"},{"n":"los","v":100,"u":"%"},{"n":"rssi","v":-80.1811752,"u":"dBm"}]
[{"bn":"DWAFDE:ble:22511c8f","bt":15225,"n":"rssi","v":-70,"u":"dBm"}]
[{"bn":"DWAFDE:uwb:22511c8f","bt":15732,"n":"d_cm","v":118,"u":"cm"},{"n":"los","v":100,"u":"%"},{"n":"rssi","v":-80.1672439,"u":"dBm"}]
[{"bn":"DWAFDE:ble:22511c8f","bt":16225,"n":"rssi","v":-82,"u":"dBm"}]
[{"bn":"DWAFDE:uwb:22511c8f","bt":16729,"n":"d_cm","v":120,"u":"cm"},{"n":"los","v":100,"u":"%"},{"n":"rssi","v":-80.0122146,"u":"dBm"}]
[{"bn":"DWAFDE:ble:22511c8f","bt":17233,"n":"rssi","v":-73,"u":"dBm"}]
[{"bn":"DWAFDE:uwb:22511c8f","bt":17727,"n":"d_cm","v":115,"u":"cm"},{"n":"los","v":100,"u":"%"},{"n":"rssi","v":-79.8179474,"u":"dBm"}]
[{"bn":"DWAFDE:uwb:22511c8f","bt":18734,"n":"d_cm","v":114,"u":"cm"},{"n":"los","v":100,"u":"%"},{"n":"rssi","v":-79.7740936,"u":"dBm"}]
[{"bn":"DWAFDE:ble:22511c8f","bt":19235,"n":"rssi","v":-78,"u":"dBm"}]
[{"bn":"DWAFDE:uwb:22511c8f","bt":19736,"n":"d_cm","v":117,"u":"cm"},{"n":"los","v":100,"u":"%"},{"n":"rssi","v":-80.0456085,"u":"dBm"}]
[{"bn":"DWAFDE:uwb:22511c8f","bt":20730,"n":"d_cm","v":56,"u":"cm"},{"n":"los","v":0,"u":"%"},{"n":"rssi","v":-80.5619812,"u":"dBm"}]
[{"bn":"DWAFDE:uwb:22511c8f","bt":21731,"n":"d_cm","v":62,"u":"cm"},{"n":"los","v":0,"u":"%"},{"n":"rssi","v":-80.7149734,"u":"dBm"}]
[{"bn":"DWAFDE:ble:22511c8f","bt":22234,"n":"rssi","v":-60,"u":"dBm"}]
[{"bn":"DWAFDE:uwb:22511c8f","bt":22735,"n":"d_cm","v":111,"u":"cm"},{"n":"los","v":100,"u":"%"},{"n":"rssi","v":-79.7304001,"u":"dBm"}]
[{"bn":"DWAFDE:ble:22511c8f","bt":23234,"n":"rssi","v":-60,"u":"dBm"}]
[{"bn":"DWAFDE:uwb:22511c8f","bt":23736,"n":"d_cm","v":59,"u":"cm"},{"n":"los","v":87,"u":"%"},{"n":"rssi","v":-79.9597321,"u":"dBm"}]
[{"bn":"DWAFDE:ble:22511c8f","bt":24231,"n":"rssi","v":-59,"u":"dBm"}]
[{"bn":"DWAFDE:uwb:22511c8f","bt":24727,"n":"d_cm","v":120,"u":"cm"},{"n":"los","v":100,"u":"%"},{"n":"rssi","v":-80.1263198,"u":"dBm"}]
[{"bn":"DWAFDE:ble:22511c8f","bt":25227,"n":"rssi","v":-57,"u":"dBm"}]
[{"bn":"DWAFDE:uwb:22511c8f","bt":25729,"n":"d_cm","v":55,"u":"cm"},{"n":"los","v":0,"u":"%"},{"n":"rssi","v":-80.6455612,"u":"dBm"}]
[{"bn":"DWAFDE:uwb:22511c8f","bt":26732,"n":"d_cm","v":102,"u":"cm"},{"n":"los","v":100,"u":"%"},{"n":"rssi","v":-80.2573623,"u":"dBm"}]
[pepper]: end of uwb_epoch
[pepper]: process all uwb_epoch data
{"tag":"DWAFDE","epoch":73332428,"pets":[{"pet":{"etl":"4B8305A20BD821339173C6A59ADDCDCB45BAAFA35E5F934BE0909AA40D9EB241","rtl":"78E03EA27D64A3BECF528A233240AF76EAA49A81B4B70B509F7D0DF764E4BE25","uwb":{"exposure":16,"lst_scheduled":13,"lst_aborted":0,"lst_timeout":2,"req_scheduled":19,"req_aborted":0,"req_timeout":2,"req_count":16,"avg_d_cm":100,"avg_los":80,"avg_rssi":-80.1978683},"ble":{"exposure":15,"scan_count":13,"avg_rssi":-62.9448013,"avg_d_cm":89}}}]}
> 