Connect to serial port /dev/riot/tty-dwm1001_2
Welcome to pyterm!
Type '/exit' to exit.
main(): This is RIOT! (Version: 2022.07-devel-286-gaf3bd-pepper/develop)
> > [pepper]: uid DWAD55
> [pepper] current_time: pause, time diff is too high
[pepper] current_time: resume
[current_time] shell:
	Date: 2022-04-28 18:07:08
	Epoch: 73332428
> [pepper] shell: start proximity tracing
	epoch_duration: 30[s]
	epoch_iterations: 1
	adv_per_slice: 1
	adv_itvl: 1000[ms]
	scan_itvl: 1024[ms]
	scan_win: 1024[ms]
[pepper]: align first epoch end in 21s
[pepper]: new uwb_epoch t=73332429
[pepper]: new ebid generation
[pepper]: local ebid: 
	0x5c 0x28 0x20 0x28 0x99 0xe2 0xe4 0xf0
	0xfb 0x6d 0xd3 0xd0 0xc2 0xbf 0xb7 0x21
	0x86 0xf1 0x0f 0x2e 0x3c 0x2c 0x5a 0xe4
	0x83 0xc2 0x34 0x65 0x8a 0xd9 0xc3 0x04 
[{"bn":"DWAD55:ble:83670a9","bt":21101,"n":"rssi","v":-67,"u":"dBm"}]
[{"bn":"DWAD55:ble:83670a9","bt":22099,"n":"rssi","v":-65,"u":"dBm"}]
[{"bn":"DWAD55:ble:83670a9","bt":24102,"n":"rssi","v":-69,"u":"dBm"}]
[{"bn":"DWAD55:ble:83670a9","bt":25098,"n":"rssi","v":-64,"u":"dBm"}]
[{"bn":"DWAD55:uwb:83670a9","bt":25363,"n":"d_cm","v":108,"u":"cm"},{"n":"los","v":100,"u":"%"},{"n":"rssi","v":-80.3421478,"u":"dBm"}]
[{"bn":"DWAD55:ble:83670a9","bt":26100,"n":"rssi","v":-76,"u":"dBm"}]
[{"bn":"DWAD55:uwb:83670a9","bt":26364,"n":"d_cm","v":111,"u":"cm"},{"n":"los","v":100,"u":"%"},{"n":"rssi","v":-79.8118133,"u":"dBm"}]
[{"bn":"DWAD55:ble:83670a9","bt":27104,"n":"rssi","v":-70,"u":"dBm"}]
[{"bn":"DWAD55:uwb:83670a9","bt":27367,"n":"d_cm","v":113,"u":"cm"},{"n":"los","v":100,"u":"%"},{"n":"rssi","v":-80.0721435,"u":"dBm"}]
[{"bn":"DWAD55:ble:83670a9","bt":28102,"n":"rssi","v":-70,"u":"dBm"}]
[{"bn":"DWAD55:uwb:83670a9","bt":28358,"n":"d_cm","v":110,"u":"cm"},{"n":"los","v":100,"u":"%"},{"n":"rssi","v":-80.2644729,"u":"dBm"}]
[{"bn":"DWAD55:ble:83670a9","bt":29099,"n":"rssi","v":-81,"u":"dBm"}]
[{"bn":"DWAD55:uwb:83670a9","bt":29357,"n":"d_cm","v":114,"u":"cm"},{"n":"los","v":100,"u":"%"},{"n":"rssi","v":-79.8947906,"u":"dBm"}]
[{"bn":"DWAD55:ble:83670a9","bt":30097,"n":"rssi","v":-72,"u":"dBm"}]
[{"bn":"DWAD55:uwb:83670a9","bt":30367,"n":"d_cm","v":112,"u":"cm"},{"n":"los","v":100,"u":"%"},{"n":"rssi","v":-79.9464874,"u":"dBm"}]
[{"bn":"DWAD55:ble:83670a9","bt":31103,"n":"rssi","v":-69,"u":"dBm"}]
[{"bn":"DWAD55:ble:83670a9","bt":32107,"n":"rssi","v":-76,"u":"dBm"}]
[{"bn":"DWAD55:uwb:83670a9","bt":32367,"n":"d_cm","v":110,"u":"cm"},{"n":"los","v":100,"u":"%"},{"n":"rssi","v":-79.9793701,"u":"dBm"}]
[{"bn":"DWAD55:ble:83670a9","bt":33099,"n":"rssi","v":-63,"u":"dBm"}]
[{"bn":"DWAD55:ble:83670a9","bt":34101,"n":"rssi","v":-63,"u":"dBm"}]
[{"bn":"DWAD55:ble:83670a9","bt":35105,"n":"rssi","v":-58,"u":"dBm"}]
[{"bn":"DWAD55:uwb:83670a9","bt":35366,"n":"d_cm","v":67,"u":"cm"},{"n":"los","v":92,"u":"%"},{"n":"rssi","v":-79.7364197,"u":"dBm"}]
[{"bn":"DWAD55:ble:83670a9","bt":36105,"n":"rssi","v":-59,"u":"dBm"}]
[{"bn":"DWAD55:uwb:83670a9","bt":36367,"n":"d_cm","v":58,"u":"cm"},{"n":"los","v":81,"u":"%"},{"n":"rssi","v":-79.7427215,"u":"dBm"}]
[{"bn":"DWAD55:ble:83670a9","bt":37097,"n":"rssi","v":-58,"u":"dBm"}]
[{"bn":"DWAD55:uwb:83670a9","bt":37364,"n":"d_cm","v":48,"u":"cm"},{"n":"los","v":26,"u":"%"},{"n":"rssi","v":-79.9924240,"u":"dBm"}]
[{"bn":"DWAD55:ble:83670a9","bt":38100,"n":"rssi","v":-57,"u":"dBm"}]
[{"bn":"DWAD55:uwb:83670a9","bt":38359,"n":"d_cm","v":57,"u":"cm"},{"n":"los","v":65,"u":"%"},{"n":"rssi","v":-80.6917114,"u":"dBm"}]
[{"bn":"DWAD55:ble:83670a9","bt":39101,"n":"rssi","v":-66,"u":"dBm"}]
[{"bn":"DWAD55:ble:83670a9","bt":40106,"n":"rssi","v":-63,"u":"dBm"}]
[pepper]: end of uwb_epoch
[pepper]: process all uwb_epoch data
{"tag":"DWAD55","epoch":73332429,"pets":[{"pet":{"etl":"78E03EA27D64A3BECF528A233240AF76EAA49A81B4B70B509F7D0DF764E4BE25","rtl":"4B8305A20BD821339173C6A59ADDCDCB45BAAFA35E5F934BE0909AA40D9EB241","uwb":{"exposure":14,"lst_scheduled":17,"lst_aborted":0,"lst_timeout":0,"req_scheduled":16,"req_aborted":0,"req_timeout":4,"req_count":11,"avg_d_cm":91,"avg_los":87,"avg_rssi":-80.0345764},"ble":{"exposure":16,"scan_count":17,"avg_rssi":-62.6903305,"avg_d_cm":86}}}]}
> 