Connect to serial port /dev/riot/tty-dwm1001_2
Welcome to pyterm!
Type '/exit' to exit.
main(): This is RIOT! (Version: 2022.04-devel-240-g31e0f6-pepper/develop)
> > [pepper]: uid DWAD55
> [pepper] current_time: pause, time diff is too high
[pepper] current_time: resume
[current_time] shell:
	Date: 2022-04-26 17:26:11
	Epoch: 73157171
> [pepper] shell: start proximity tracing
	epoch_duration: 300[s]
	epoch_iterations: 5
	adv_per_slice: 10
	adv_itvl: 1000[ms]
	scan_itvl: 1024[ms]
	scan_win: 1024[ms]
[pepper]: align first epoch end in 229s
[pepper]: new uwb_epoch t=73157171
[pepper]: new ebid generation
[pepper]: local ebid: 
	0x0f 0x1c 0x36 0xd7 0x96 0x55 0x32 0x88
	0x5a 0xf9 0x58 0x23 0xa2 0xc6 0xbb 0x13
	0x6e 0x7c 0xa1 0xc5 0xc0 0x95 0xd4 0xe3
	0x86 0xd6 0xe9 0xb8 0xb7 0xc1 0xd7 0x0e 
Connect to serial port /dev/riot/tty-dwm1001_2
Welcome to pyterm!
Type '/exit' to exit.
main(): This is RIOT! (Version: 2022.04-devel-240-g31e0f6-pepper/develop)
> > [pepper]: uid DWAD55
> [pepper] current_time: pause, time diff is too high
[pepper] current_time: resume
[current_time] shell:
	Date: 2022-04-26 17:27:30
	Epoch: 73157250
> [pepper] shell: start proximity tracing
	epoch_duration: 30[s]
	epoch_iterations: 1
	adv_per_slice: 10
	adv_itvl: 1000[ms]
	scan_itvl: 1024[ms]
	scan_win: 1024[ms]
[pepper]: align first epoch end in 30s
[pepper]: new uwb_epoch t=73157250
[pepper]: new ebid generation
[pepper]: local ebid: 
	0x2f 0x86 0x8e 0xca 0xb1 0xb5 0x06 0x3b
	0x20 0x8a 0xb3 0x80 0x68 0x0a 0x3b 0x4b
	0x07 0x95 0x00 0x9d 0x86 0x16 0x40 0x91
	0xf4 0xce 0x83 0x4a 0xf7 0x9c 0x8b 0x0f 
[pepper]: end of uwb_epoch
[pepper]: process all uwb_epoch data
{"tag":"pepper","epoch":73157250,"pets":[]}
> Connect to serial port /dev/riot/tty-dwm1001_2
Welcome to pyterm!
Type '/exit' to exit.
main(): This is RIOT! (Version: 2022.04-devel-240-g31e0f6-pepper/develop)
> > [pepper]: uid DWAD55
> [pepper] current_time: pause, time diff is too high
[pepper] current_time: resume
[current_time] shell:
	Date: 2022-04-26 17:29:12
	Epoch: 73157352
> [pepper] shell: start proximity tracing
	epoch_duration: 30[s]
	epoch_iterations: 1
	adv_per_slice: 10
	adv_itvl: 1000[ms]
	scan_itvl: 1024[ms]
	scan_win: 1024[ms]
[pepper]: align first epoch end in 18s
[pepper]: new uwb_epoch t=73157352
[pepper]: new ebid generation
[pepper]: local ebid: 
	0x0a 0x00 0x30 0x9c 0x32 0x0b 0xfe 0xbd
	0xb6 0x30 0xe6 0xd0 0x7a 0xa1 0x11 0x1f
	0x2c 0x9b 0xb5 0xc2 0x6e 0xbd 0xf8 0x10
	0xa8 0x98 0xc7 0xc1 0x38 0x71 0x63 0x1c 
[pepper]: end of uwb_epoch
[pepper]: process all uwb_epoch data
{"tag":"pepper","epoch":73157352,"pets":[]}
> 